This is pdfTeX, Version 3.1415926-1.40.11 (TeX Live 2010) (format=latex 2011.3.28)  11 OCT 2012 17:52
entering extended mode
 restricted \write18 enabled.
 %&-line parsing enabled.
**Wavetank.tex
(./Wavetank.tex
LaTeX2e <2009/09/24>
Babel <v3.8l> and hyphenation patterns for english, dumylang, nohyphenation, ge
rman-x-2009-06-19, ngerman-x-2009-06-19, ancientgreek, ibycus, arabic, armenian
, basque, bulgarian, catalan, pinyin, coptic, croatian, czech, danish, dutch, u
kenglish, usenglishmax, esperanto, estonian, farsi, finnish, french, galician, 
german, ngerman, swissgerman, monogreek, greek, hungarian, icelandic, assamese,
 bengali, gujarati, hindi, kannada, malayalam, marathi, oriya, panjabi, tamil, 
telugu, indonesian, interlingua, irish, italian, kurmanji, lao, latin, latvian,
 lithuanian, mongolian, mongolianlmc, bokmal, nynorsk, polish, portuguese, roma
nian, russian, sanskrit, serbian, slovak, slovenian, spanish, swedish, turkish,
 turkmen, ukrainian, uppersorbian, welsh, loaded.
(/usr/local/texlive/2010/texmf-dist/tex/latex/base/article.cls
Document Class: article 2007/10/19 v1.4h Standard LaTeX document class
(/usr/local/texlive/2010/texmf-dist/tex/latex/base/size12.clo
File: size12.clo 2007/10/19 v1.4h Standard LaTeX file (size option)
)
\c@part=\count79
\c@section=\count80
\c@subsection=\count81
\c@subsubsection=\count82
\c@paragraph=\count83
\c@subparagraph=\count84
\c@figure=\count85
\c@table=\count86
\abovecaptionskip=\skip41
\belowcaptionskip=\skip42
\bibindent=\dimen102
)
(/usr/local/texlive/2010/texmf-dist/tex/latex/amsmath/amsmath.sty
Package: amsmath 2000/07/18 v2.13 AMS math features
\@mathmargin=\skip43

For additional information on amsmath, use the `?' option.
(/usr/local/texlive/2010/texmf-dist/tex/latex/amsmath/amstext.sty
Package: amstext 2000/06/29 v2.01

(/usr/local/texlive/2010/texmf-dist/tex/latex/amsmath/amsgen.sty
File: amsgen.sty 1999/11/30 v2.0
\@emptytoks=\toks14
\ex@=\dimen103
))
(/usr/local/texlive/2010/texmf-dist/tex/latex/amsmath/amsbsy.sty
Package: amsbsy 1999/11/29 v1.2d
\pmbraise@=\dimen104
)
(/usr/local/texlive/2010/texmf-dist/tex/latex/amsmath/amsopn.sty
Package: amsopn 1999/12/14 v2.01 operator names
)
\inf@bad=\count87
LaTeX Info: Redefining \frac on input line 211.
\uproot@=\count88
\leftroot@=\count89
LaTeX Info: Redefining \overline on input line 307.
\classnum@=\count90
\DOTSCASE@=\count91
LaTeX Info: Redefining \ldots on input line 379.
LaTeX Info: Redefining \dots on input line 382.
LaTeX Info: Redefining \cdots on input line 467.
\Mathstrutbox@=\box26
\strutbox@=\box27
\big@size=\dimen105
LaTeX Font Info:    Redeclaring font encoding OML on input line 567.
LaTeX Font Info:    Redeclaring font encoding OMS on input line 568.
\macc@depth=\count92
\c@MaxMatrixCols=\count93
\dotsspace@=\muskip10
\c@parentequation=\count94
\dspbrk@lvl=\count95
\tag@help=\toks15
\row@=\count96
\column@=\count97
\maxfields@=\count98
\andhelp@=\toks16
\eqnshift@=\dimen106
\alignsep@=\dimen107
\tagshift@=\dimen108
\tagwidth@=\dimen109
\totwidth@=\dimen110
\lineht@=\dimen111
\@envbody=\toks17
\multlinegap=\skip44
\multlinetaggap=\skip45
\mathdisplay@stack=\toks18
LaTeX Info: Redefining \[ on input line 2666.
LaTeX Info: Redefining \] on input line 2667.
)
(/usr/local/texlive/2010/texmf-dist/tex/latex/amsfonts/amssymb.sty
Package: amssymb 2009/06/22 v3.00

(/usr/local/texlive/2010/texmf-dist/tex/latex/amsfonts/amsfonts.sty
Package: amsfonts 2009/06/22 v3.00 Basic AMSFonts support
\symAMSa=\mathgroup4
\symAMSb=\mathgroup5
LaTeX Font Info:    Overwriting math alphabet `\mathfrak' in version `bold'
(Font)                  U/euf/m/n --> U/euf/b/n on input line 96.
))
(/usr/local/texlive/2010/texmf-dist/tex/latex/jknapltx/mathrsfs.sty
Package: mathrsfs 1996/01/01 Math RSFS package v1.0 (jk)
\symrsfs=\mathgroup6
)
(/usr/local/texlive/2010/texmf-dist/tex/latex/graphics/graphicx.sty
Package: graphicx 1999/02/16 v1.0f Enhanced LaTeX Graphics (DPC,SPQR)

(/usr/local/texlive/2010/texmf-dist/tex/latex/graphics/keyval.sty
Package: keyval 1999/03/16 v1.13 key=value parser (DPC)
\KV@toks@=\toks19
)
(/usr/local/texlive/2010/texmf-dist/tex/latex/graphics/graphics.sty
Package: graphics 2009/02/05 v1.0o Standard LaTeX Graphics (DPC,SPQR)

(/usr/local/texlive/2010/texmf-dist/tex/latex/graphics/trig.sty
Package: trig 1999/03/16 v1.09 sin cos tan (DPC)
)
(/usr/local/texlive/2010/texmf-dist/tex/latex/latexconfig/graphics.cfg
File: graphics.cfg 2010/04/23 v1.9 graphics configuration of TeX Live
)
Package graphics Info: Driver file: dvips.def on input line 91.

(/usr/local/texlive/2010/texmf-dist/tex/latex/graphics/dvips.def
File: dvips.def 1999/02/16 v3.0i Driver-dependant file (DPC,SPQR)
))
\Gin@req@height=\dimen112
\Gin@req@width=\dimen113
)
(/usr/local/texlive/2010/texmf-dist/tex/latex/psfrag/psfrag.sty
Package: psfrag 1998/04/11 v3.04 PSfrag (MCG)
\pfg@pcount=\count99
\pfg@scount=\count100
\pfg@temp=\write3
)
(/usr/local/texlive/2010/texmf-dist/tex/latex/graphics/color.sty
Package: color 2005/11/14 v1.0j Standard LaTeX Color (DPC)

(/usr/local/texlive/2010/texmf-dist/tex/latex/latexconfig/color.cfg
File: color.cfg 2007/01/18 v1.5 color configuration of teTeX/TeXLive
)
Package color Info: Driver file: dvips.def on input line 130.

(/usr/local/texlive/2010/texmf-dist/tex/latex/graphics/dvipsnam.def
File: dvipsnam.def 1999/02/16 v3.0i Driver-dependant file (DPC,SPQR)
))
(/usr/local/texlive/2010/texmf-dist/tex/latex/rotating/rotating.sty
Package: rotating 2009/03/28 v2.16a rotated objects in LaTeX

(/usr/local/texlive/2010/texmf-dist/tex/latex/base/ifthen.sty
Package: ifthen 2001/05/26 v1.1c Standard LaTeX ifthen package (DPC)
)
\c@r@tfl@t=\count101
\rotFPtop=\skip46
\rotFPbot=\skip47
\rot@float@box=\box28
\rot@mess@toks=\toks20
)
(/usr/local/texlive/2010/texmf-dist/tex/latex/refcheck/refcheck.sty
Package: refcheck 2004/03/31 v1.9
\btoks=\toks21
)
(/usr/local/texlive/2010/texmf-dist/tex/latex/overpic/overpic.sty
Package: overpic 1999/07/04 v0.52  Overwriting eps pictures

Package: overpic v0.52 <1999/07/04> (RN)
(/usr/local/texlive/2010/texmf-dist/tex/latex/eepic/epic.sty
Enhancements to Picture Environment. Version 1.2 - Released June 1, 1986
\@@multicnt=\count102
\d@lta=\count103
\@delta=\dimen114
\@@delta=\dimen115
\@gridcnt=\count104
\@joinkind=\count105
\@dotgap=\dimen116
\@ddotgap=\dimen117
\@x@diff=\count106
\@y@diff=\count107
\x@diff=\dimen118
\y@diff=\dimen119
\@dotbox=\box29
\num@segments=\count108
\num@segmentsi=\count109
\@datafile=\read1
)
overpic: relative positioning in percent
) (./Wavetank.aux)
\openout1 = `Wavetank.aux'.

LaTeX Font Info:    Checking defaults for OML/cmm/m/it on input line 84.
LaTeX Font Info:    ... okay on input line 84.
LaTeX Font Info:    Checking defaults for T1/cmr/m/n on input line 84.
LaTeX Font Info:    ... okay on input line 84.
LaTeX Font Info:    Checking defaults for OT1/cmr/m/n on input line 84.
LaTeX Font Info:    ... okay on input line 84.
LaTeX Font Info:    Checking defaults for OMS/cmsy/m/n on input line 84.
LaTeX Font Info:    ... okay on input line 84.
LaTeX Font Info:    Checking defaults for OMX/cmex/m/n on input line 84.
LaTeX Font Info:    ... okay on input line 84.
LaTeX Font Info:    Checking defaults for U/cmr/m/n on input line 84.
LaTeX Font Info:    ... okay on input line 84.

Package: `refcheck' v1.9 <2004/03/31>
options: showrefs, showcites, msgs, chckunlbld
LaTeX Font Info:    Try loading font information for U+msa on input line 88.
(/usr/local/texlive/2010/texmf-dist/tex/latex/amsfonts/umsa.fd
File: umsa.fd 2009/06/22 v3.00 AMS symbols A
)
LaTeX Font Info:    Try loading font information for U+msb on input line 88.

(/usr/local/texlive/2010/texmf-dist/tex/latex/amsfonts/umsb.fd
File: umsb.fd 2009/06/22 v3.00 AMS symbols B
)
LaTeX Font Info:    Try loading font information for U+rsfs on input line 88.

(/usr/local/texlive/2010/texmf-dist/tex/latex/jknapltx/ursfs.fd
File: ursfs.fd 1998/03/24 rsfs font definition file (jk)
)
<Info by RefCheck> Unlabelled equation (1) on page 1
LaTeX Font Info:    Try loading font information for OMS+cmr on input line 108.

(/usr/local/texlive/2010/texmf-dist/tex/latex/base/omscmr.fd
File: omscmr.fd 1999/05/25 v2.5h Standard LaTeX font definitions
)
LaTeX Font Info:    Font shape `OMS/cmr/m/n' in size <10> not available
(Font)              Font shape `OMS/cmsy/m/n' tried instead on input line 108.

<Info by RefCheck> Unlabelled equation (2) on page 1
<Info by RefCheck> Unlabelled equation (3) on page 1
<Info by RefCheck> Unlabelled equation (4) on page 1
<Info by RefCheck> Unlabelled equation (5) on page 1
<Info by RefCheck> Unlabelled equation (6) on page 1
<Info by RefCheck> Unlabelled equation (7) on page 1
[1

]
<Info by RefCheck> Unlabelled equation (8) on page 2
<Info by RefCheck> Unlabelled equation (9) on page 2
<Info by RefCheck> Unlabelled equation (10) on page 2
<Info by RefCheck> Unlabelled equation (11) on page 2
<Info by RefCheck> Unlabelled equation (12) on page 2

Overfull \hbox (1.19153pt too wide) in paragraph at lines 308--309
[]\OT1/cmr/m/n/12 The Green's func-tions can be ob-tained by anal-ogy to a pe-r
i-odic Green's func-tion, $[](\OML/cmm/m/it/12 x; y\OMS/cmsy/m/n/12 j[]\OML/cmm
/m/it/12 ; [] \OT1/cmr/m/n/12 :
 []

[2]
<Info by RefCheck> Unlabelled equation (13) on page 3
<Info by RefCheck> Unlabelled equation (14) on page 3
<Info by RefCheck> Unlabelled equation (15a) on page 3

Overfull \hbox (6.6564pt too wide) detected at line 371
[]
 []

<Info by RefCheck> Unlabelled equation (15b) on page 3
[3]
<Info by RefCheck> Unlabelled equation (19) on page 4
<Info by RefCheck> Unlabelled equation (20) on page 4
<Info by RefCheck> Unlabelled equation (22) on page 4
<Info by RefCheck> Unlabelled equation (23) on page 4
<Info by RefCheck> Unlabelled equation (24) on page 4
<Info by RefCheck> Unlabelled equation (25) on page 4
<Info by RefCheck> Unlabelled equation (26) on page 4
<Info by RefCheck> Unlabelled equation (27) on page 4
<Info by RefCheck> Unlabelled equation (28) on page 4
[4]
<Info by RefCheck> Unlabelled equation (30) on page 5
<Info by RefCheck> Unlabelled equation (31) on page 5
<Info by RefCheck> Unused label `eqn:GalSys_ii' on page 5
<Info by RefCheck> Unlabelled equation (33) on page 5
<Info by RefCheck> Unlabelled equation (34) on page 5
[5]
<Info by RefCheck> Unlabelled equation (35) on page 6
(./Wavetank.bbl) [6] (./Wavetank.aux) ) 
Here is how much of TeX's memory you used:
 2143 strings out of 493748
 26236 string characters out of 3143569
 83179 words of memory out of 3000000
 5402 multiletter control sequences out of 15000+200000
 16265 words of font info for 65 fonts, out of 3000000 for 9000
 714 hyphenation exceptions out of 8191
 30i,12n,25p,270b,200s stack positions out of 5000i,500n,10000p,200000b,50000s

Output written on Wavetank.dvi (6 pages, 30152 bytes).
